Thu, 26 Jun 2014 06:41:17 ERROR Unsupported locale in settings.LFS_LOCALE: 'en_US.UTF-8'.
Thu, 26 Jun 2014 06:42:11 ERROR Unsupported locale in settings.LFS_LOCALE: 'en_US.UTF-8'.
Thu, 26 Jun 2014 06:42:11 ERROR currency filter: Currency formatting is not possible using the 'C' locale.
Thu, 26 Jun 2014 06:42:22 ERROR Unsupported locale in settings.LFS_LOCALE: 'en_US.UTF-8'.
Thu, 26 Jun 2014 06:42:22 ERROR currency filter: Currency formatting is not possible using the 'C' locale.
Thu, 26 Jun 2014 06:42:22 ERROR Unsupported locale in settings.LFS_LOCALE: 'en_US.UTF-8'.
Thu, 26 Jun 2014 06:42:22 ERROR currency filter: Currency formatting is not possible using the 'C' locale.
Thu, 26 Jun 2014 06:42:29 ERROR Unsupported locale in settings.LFS_LOCALE: 'en_US.UTF-8'.
Thu, 26 Jun 2014 06:42:29 ERROR currency filter: Currency formatting is not possible using the 'C' locale.
Thu, 26 Jun 2014 06:42:30 ERROR Unsupported locale in settings.LFS_LOCALE: 'en_US.UTF-8'.
Thu, 26 Jun 2014 06:42:30 ERROR currency filter: Currency formatting is not possible using the 'C' locale.
Thu, 26 Jun 2014 06:42:30 ERROR Unsupported locale in settings.LFS_LOCALE: 'en_US.UTF-8'.
Thu, 26 Jun 2014 06:42:30 ERROR currency filter: Currency formatting is not possible using the 'C' locale.
Thu, 26 Jun 2014 06:42:30 ERROR Unsupported locale in settings.LFS_LOCALE: 'en_US.UTF-8'.
Thu, 26 Jun 2014 06:42:30 ERROR currency filter: Currency formatting is not possible using the 'C' locale.
Thu, 26 Jun 2014 06:42:30 ERROR Unsupported locale in settings.LFS_LOCALE: 'en_US.UTF-8'.
Thu, 26 Jun 2014 06:42:30 ERROR currency filter: Currency formatting is not possible using the 'C' locale.
Thu, 26 Jun 2014 06:42:30 ERROR Unsupported locale in settings.LFS_LOCALE: 'en_US.UTF-8'.
Thu, 26 Jun 2014 06:42:30 ERROR currency filter: Currency formatting is not possible using the 'C' locale.
Thu, 26 Jun 2014 06:42:30 ERROR Unsupported locale in settings.LFS_LOCALE: 'en_US.UTF-8'.
Thu, 26 Jun 2014 06:42:30 ERROR currency filter: Currency formatting is not possible using the 'C' locale.
Thu, 26 Jun 2014 06:42:30 ERROR Unsupported locale in settings.LFS_LOCALE: 'en_US.UTF-8'.
Thu, 26 Jun 2014 06:42:30 ERROR currency filter: Currency formatting is not possible using the 'C' locale.
Thu, 26 Jun 2014 06:42:30 ERROR Unsupported locale in settings.LFS_LOCALE: 'en_US.UTF-8'.
Thu, 26 Jun 2014 06:42:30 ERROR currency filter: Currency formatting is not possible using the 'C' locale.
Thu, 26 Jun 2014 06:42:35 ERROR Unsupported locale in settings.LFS_LOCALE: 'en_US.UTF-8'.
Thu, 26 Jun 2014 06:42:35 ERROR currency filter: Currency formatting is not possible using the 'C' locale.
Thu, 26 Jun 2014 06:42:35 ERROR Unsupported locale in settings.LFS_LOCALE: 'en_US.UTF-8'.
Thu, 26 Jun 2014 06:42:35 ERROR currency filter: Currency formatting is not possible using the 'C' locale.
Thu, 26 Jun 2014 06:42:35 ERROR Unsupported locale in settings.LFS_LOCALE: 'en_US.UTF-8'.
Thu, 26 Jun 2014 06:42:35 ERROR currency filter: Currency formatting is not possible using the 'C' locale.
Thu, 26 Jun 2014 06:42:35 ERROR Unsupported locale in settings.LFS_LOCALE: 'en_US.UTF-8'.
Thu, 26 Jun 2014 06:42:35 ERROR currency filter: Currency formatting is not possible using the 'C' locale.
Thu, 26 Jun 2014 06:42:35 ERROR Unsupported locale in settings.LFS_LOCALE: 'en_US.UTF-8'.
Thu, 26 Jun 2014 06:42:35 ERROR currency filter: Currency formatting is not possible using the 'C' locale.
Thu, 26 Jun 2014 06:42:35 ERROR Unsupported locale in settings.LFS_LOCALE: 'en_US.UTF-8'.
Thu, 26 Jun 2014 06:42:35 ERROR currency filter: Currency formatting is not possible using the 'C' locale.
Thu, 26 Jun 2014 06:42:35 ERROR Unsupported locale in settings.LFS_LOCALE: 'en_US.UTF-8'.
Thu, 26 Jun 2014 06:42:35 ERROR currency filter: Currency formatting is not possible using the 'C' locale.
Thu, 26 Jun 2014 06:42:35 ERROR Unsupported locale in settings.LFS_LOCALE: 'en_US.UTF-8'.
Thu, 26 Jun 2014 06:42:35 ERROR currency filter: Currency formatting is not possible using the 'C' locale.
Thu, 26 Jun 2014 06:42:35 ERROR Unsupported locale in settings.LFS_LOCALE: 'en_US.UTF-8'.
Thu, 26 Jun 2014 06:42:35 ERROR currency filter: Currency formatting is not possible using the 'C' locale.
Thu, 26 Jun 2014 06:42:35 ERROR Unsupported locale in settings.LFS_LOCALE: 'en_US.UTF-8'.
Thu, 26 Jun 2014 06:42:35 ERROR currency filter: Currency formatting is not possible using the 'C' locale.
Thu, 26 Jun 2014 06:42:41 ERROR Unsupported locale in settings.LFS_LOCALE: 'en_US.UTF-8'.
Thu, 26 Jun 2014 06:42:41 ERROR currency filter: Currency formatting is not possible using the 'C' locale.
Thu, 26 Jun 2014 06:42:50 ERROR Unsupported locale in settings.LFS_LOCALE: 'en_US.UTF-8'.
Thu, 26 Jun 2014 06:42:50 ERROR currency filter: Currency formatting is not possible using the 'C' locale.
Thu, 26 Jun 2014 06:43:23 ERROR Unsupported locale in settings.LFS_LOCALE: 'en_US.UTF-8'.
Thu, 26 Jun 2014 06:43:24 ERROR Unsupported locale in settings.LFS_LOCALE: 'en_US.UTF-8'.
Thu, 26 Jun 2014 06:43:24 ERROR currency filter: Currency formatting is not possible using the 'C' locale.
Thu, 26 Jun 2014 06:43:30 ERROR Unsupported locale in settings.LFS_LOCALE: 'en_US.UTF-8'.
Thu, 26 Jun 2014 06:43:30 ERROR currency filter: Currency formatting is not possible using the 'C' locale.
Fri, 27 Jun 2014 07:04:15 ERROR Unsupported locale in settings.LFS_LOCALE: 'en_US.UTF-8'.
Fri, 27 Jun 2014 07:04:26 ERROR Unsupported locale in settings.LFS_LOCALE: 'en_US.UTF-8'.
Fri, 27 Jun 2014 07:04:26 ERROR currency filter: Currency formatting is not possible using the 'C' locale.
Fri, 27 Jun 2014 07:04:26 ERROR Unsupported locale in settings.LFS_LOCALE: 'en_US.UTF-8'.
Fri, 27 Jun 2014 07:04:26 ERROR currency filter: Currency formatting is not possible using the 'C' locale.
Fri, 27 Jun 2014 07:04:26 ERROR Unsupported locale in settings.LFS_LOCALE: 'en_US.UTF-8'.
Fri, 27 Jun 2014 07:04:26 ERROR currency filter: Currency formatting is not possible using the 'C' locale.
Fri, 27 Jun 2014 07:04:26 ERROR Unsupported locale in settings.LFS_LOCALE: 'en_US.UTF-8'.
Fri, 27 Jun 2014 07:04:26 ERROR currency filter: Currency formatting is not possible using the 'C' locale.
Fri, 27 Jun 2014 07:04:26 ERROR Unsupported locale in settings.LFS_LOCALE: 'en_US.UTF-8'.
Fri, 27 Jun 2014 07:04:26 ERROR currency filter: Currency formatting is not possible using the 'C' locale.
Fri, 27 Jun 2014 07:04:26 ERROR Unsupported locale in settings.LFS_LOCALE: 'en_US.UTF-8'.
Fri, 27 Jun 2014 07:04:26 ERROR currency filter: Currency formatting is not possible using the 'C' locale.
Fri, 27 Jun 2014 07:04:26 ERROR Unsupported locale in settings.LFS_LOCALE: 'en_US.UTF-8'.
Fri, 27 Jun 2014 07:04:26 ERROR currency filter: Currency formatting is not possible using the 'C' locale.
Fri, 27 Jun 2014 07:04:26 ERROR Unsupported locale in settings.LFS_LOCALE: 'en_US.UTF-8'.
Fri, 27 Jun 2014 07:04:26 ERROR currency filter: Currency formatting is not possible using the 'C' locale.
Fri, 27 Jun 2014 07:04:26 ERROR Unsupported locale in settings.LFS_LOCALE: 'en_US.UTF-8'.
Fri, 27 Jun 2014 07:04:26 ERROR currency filter: Currency formatting is not possible using the 'C' locale.
Fri, 27 Jun 2014 07:04:26 ERROR Unsupported locale in settings.LFS_LOCALE: 'en_US.UTF-8'.
Fri, 27 Jun 2014 07:04:26 ERROR currency filter: Currency formatting is not possible using the 'C' locale.
Fri, 27 Jun 2014 07:04:26 ERROR Unsupported locale in settings.LFS_LOCALE: 'en_US.UTF-8'.
Fri, 27 Jun 2014 07:04:26 ERROR currency filter: Currency formatting is not possible using the 'C' locale.
Fri, 27 Jun 2014 07:04:26 ERROR Unsupported locale in settings.LFS_LOCALE: 'en_US.UTF-8'.
Fri, 27 Jun 2014 07:04:26 ERROR currency filter: Currency formatting is not possible using the 'C' locale.
Fri, 27 Jun 2014 07:04:27 ERROR Unsupported locale in settings.LFS_LOCALE: 'en_US.UTF-8'.
Fri, 27 Jun 2014 07:04:27 ERROR currency filter: Currency formatting is not possible using the 'C' locale.
Fri, 27 Jun 2014 07:04:27 ERROR Unsupported locale in settings.LFS_LOCALE: 'en_US.UTF-8'.
Fri, 27 Jun 2014 07:04:27 ERROR currency filter: Currency formatting is not possible using the 'C' locale.
Fri, 27 Jun 2014 07:04:27 ERROR Unsupported locale in settings.LFS_LOCALE: 'en_US.UTF-8'.
Fri, 27 Jun 2014 07:04:27 ERROR currency filter: Currency formatting is not possible using the 'C' locale.
Fri, 27 Jun 2014 07:04:27 ERROR Unsupported locale in settings.LFS_LOCALE: 'en_US.UTF-8'.
Fri, 27 Jun 2014 07:04:27 ERROR currency filter: Currency formatting is not possible using the 'C' locale.
Fri, 27 Jun 2014 07:04:27 ERROR Unsupported locale in settings.LFS_LOCALE: 'en_US.UTF-8'.
Fri, 27 Jun 2014 07:04:27 ERROR currency filter: Currency formatting is not possible using the 'C' locale.
Fri, 27 Jun 2014 07:04:27 ERROR Unsupported locale in settings.LFS_LOCALE: 'en_US.UTF-8'.
Fri, 27 Jun 2014 07:04:27 ERROR currency filter: Currency formatting is not possible using the 'C' locale.
Fri, 27 Jun 2014 07:04:27 ERROR Unsupported locale in settings.LFS_LOCALE: 'en_US.UTF-8'.
Fri, 27 Jun 2014 07:04:27 ERROR currency filter: Currency formatting is not possible using the 'C' locale.
Fri, 27 Jun 2014 07:04:27 ERROR Unsupported locale in settings.LFS_LOCALE: 'en_US.UTF-8'.
Fri, 27 Jun 2014 07:04:27 ERROR currency filter: Currency formatting is not possible using the 'C' locale.
Fri, 27 Jun 2014 07:04:27 ERROR Unsupported locale in settings.LFS_LOCALE: 'en_US.UTF-8'.
Fri, 27 Jun 2014 07:04:27 ERROR currency filter: Currency formatting is not possible using the 'C' locale.
Fri, 27 Jun 2014 07:04:27 ERROR Unsupported locale in settings.LFS_LOCALE: 'en_US.UTF-8'.
Fri, 27 Jun 2014 07:04:27 ERROR currency filter: Currency formatting is not possible using the 'C' locale.
Fri, 27 Jun 2014 07:04:27 ERROR Unsupported locale in settings.LFS_LOCALE: 'en_US.UTF-8'.
Fri, 27 Jun 2014 07:04:27 ERROR currency filter: Currency formatting is not possible using the 'C' locale.
Fri, 27 Jun 2014 07:04:27 ERROR Unsupported locale in settings.LFS_LOCALE: 'en_US.UTF-8'.
Fri, 27 Jun 2014 07:04:27 ERROR currency filter: Currency formatting is not possible using the 'C' locale.
Fri, 27 Jun 2014 07:04:27 ERROR Unsupported locale in settings.LFS_LOCALE: 'en_US.UTF-8'.
Fri, 27 Jun 2014 07:04:27 ERROR currency filter: Currency formatting is not possible using the 'C' locale.
Fri, 27 Jun 2014 07:04:27 ERROR Unsupported locale in settings.LFS_LOCALE: 'en_US.UTF-8'.
Fri, 27 Jun 2014 07:04:27 ERROR currency filter: Currency formatting is not possible using the 'C' locale.
Fri, 27 Jun 2014 07:04:27 ERROR Unsupported locale in settings.LFS_LOCALE: 'en_US.UTF-8'.
Fri, 27 Jun 2014 07:04:27 ERROR currency filter: Currency formatting is not possible using the 'C' locale.
Fri, 27 Jun 2014 07:04:27 ERROR Unsupported locale in settings.LFS_LOCALE: 'en_US.UTF-8'.
Fri, 27 Jun 2014 07:04:27 ERROR currency filter: Currency formatting is not possible using the 'C' locale.
Fri, 27 Jun 2014 07:04:27 ERROR Unsupported locale in settings.LFS_LOCALE: 'en_US.UTF-8'.
Fri, 27 Jun 2014 07:04:27 ERROR currency filter: Currency formatting is not possible using the 'C' locale.
Fri, 27 Jun 2014 07:04:27 ERROR Unsupported locale in settings.LFS_LOCALE: 'en_US.UTF-8'.
Fri, 27 Jun 2014 07:04:27 ERROR currency filter: Currency formatting is not possible using the 'C' locale.
Fri, 27 Jun 2014 07:04:27 ERROR Unsupported locale in settings.LFS_LOCALE: 'en_US.UTF-8'.
Fri, 27 Jun 2014 07:04:27 ERROR currency filter: Currency formatting is not possible using the 'C' locale.
Fri, 27 Jun 2014 07:04:27 ERROR Unsupported locale in settings.LFS_LOCALE: 'en_US.UTF-8'.
Fri, 27 Jun 2014 07:04:27 ERROR currency filter: Currency formatting is not possible using the 'C' locale.
Fri, 27 Jun 2014 07:04:27 ERROR Unsupported locale in settings.LFS_LOCALE: 'en_US.UTF-8'.
Fri, 27 Jun 2014 07:04:27 ERROR currency filter: Currency formatting is not possible using the 'C' locale.
Fri, 27 Jun 2014 07:04:27 ERROR Unsupported locale in settings.LFS_LOCALE: 'en_US.UTF-8'.
Fri, 27 Jun 2014 07:04:27 ERROR currency filter: Currency formatting is not possible using the 'C' locale.
Fri, 27 Jun 2014 07:04:27 ERROR Unsupported locale in settings.LFS_LOCALE: 'en_US.UTF-8'.
Fri, 27 Jun 2014 07:04:27 ERROR currency filter: Currency formatting is not possible using the 'C' locale.
Fri, 27 Jun 2014 07:04:27 ERROR Unsupported locale in settings.LFS_LOCALE: 'en_US.UTF-8'.
Fri, 27 Jun 2014 07:04:27 ERROR currency filter: Currency formatting is not possible using the 'C' locale.
Fri, 27 Jun 2014 07:04:27 ERROR Unsupported locale in settings.LFS_LOCALE: 'en_US.UTF-8'.
Fri, 27 Jun 2014 07:04:27 ERROR currency filter: Currency formatting is not possible using the 'C' locale.
Fri, 27 Jun 2014 07:04:27 ERROR Unsupported locale in settings.LFS_LOCALE: 'en_US.UTF-8'.
Fri, 27 Jun 2014 07:04:27 ERROR currency filter: Currency formatting is not possible using the 'C' locale.
Fri, 27 Jun 2014 07:04:27 ERROR Unsupported locale in settings.LFS_LOCALE: 'en_US.UTF-8'.
Fri, 27 Jun 2014 07:04:27 ERROR currency filter: Currency formatting is not possible using the 'C' locale.
Fri, 27 Jun 2014 07:04:27 ERROR Unsupported locale in settings.LFS_LOCALE: 'en_US.UTF-8'.
Fri, 27 Jun 2014 07:04:27 ERROR currency filter: Currency formatting is not possible using the 'C' locale.
Fri, 27 Jun 2014 07:04:27 ERROR Unsupported locale in settings.LFS_LOCALE: 'en_US.UTF-8'.
Fri, 27 Jun 2014 07:04:27 ERROR currency filter: Currency formatting is not possible using the 'C' locale.
Fri, 27 Jun 2014 07:04:27 ERROR Unsupported locale in settings.LFS_LOCALE: 'en_US.UTF-8'.
Fri, 27 Jun 2014 07:04:27 ERROR currency filter: Currency formatting is not possible using the 'C' locale.
Fri, 27 Jun 2014 07:04:27 ERROR Unsupported locale in settings.LFS_LOCALE: 'en_US.UTF-8'.
Fri, 27 Jun 2014 07:04:27 ERROR currency filter: Currency formatting is not possible using the 'C' locale.
Fri, 27 Jun 2014 07:04:27 ERROR Unsupported locale in settings.LFS_LOCALE: 'en_US.UTF-8'.
Fri, 27 Jun 2014 07:04:27 ERROR currency filter: Currency formatting is not possible using the 'C' locale.
Fri, 27 Jun 2014 07:04:27 ERROR Unsupported locale in settings.LFS_LOCALE: 'en_US.UTF-8'.
Fri, 27 Jun 2014 07:04:27 ERROR currency filter: Currency formatting is not possible using the 'C' locale.
Fri, 27 Jun 2014 07:04:28 ERROR Unsupported locale in settings.LFS_LOCALE: 'en_US.UTF-8'.
Fri, 27 Jun 2014 07:04:28 ERROR currency filter: Currency formatting is not possible using the 'C' locale.
Fri, 27 Jun 2014 07:04:28 ERROR Unsupported locale in settings.LFS_LOCALE: 'en_US.UTF-8'.
Fri, 27 Jun 2014 07:04:28 ERROR currency filter: Currency formatting is not possible using the 'C' locale.
Fri, 27 Jun 2014 07:04:28 ERROR Unsupported locale in settings.LFS_LOCALE: 'en_US.UTF-8'.
Fri, 27 Jun 2014 07:04:28 ERROR currency filter: Currency formatting is not possible using the 'C' locale.
Fri, 27 Jun 2014 07:04:28 ERROR Unsupported locale in settings.LFS_LOCALE: 'en_US.UTF-8'.
Fri, 27 Jun 2014 07:04:28 ERROR currency filter: Currency formatting is not possible using the 'C' locale.
Fri, 27 Jun 2014 07:04:28 ERROR Unsupported locale in settings.LFS_LOCALE: 'en_US.UTF-8'.
Fri, 27 Jun 2014 07:04:28 ERROR currency filter: Currency formatting is not possible using the 'C' locale.
Fri, 27 Jun 2014 07:04:28 ERROR Unsupported locale in settings.LFS_LOCALE: 'en_US.UTF-8'.
Fri, 27 Jun 2014 07:04:28 ERROR currency filter: Currency formatting is not possible using the 'C' locale.
Fri, 27 Jun 2014 07:04:28 ERROR Unsupported locale in settings.LFS_LOCALE: 'en_US.UTF-8'.
Fri, 27 Jun 2014 07:04:28 ERROR currency filter: Currency formatting is not possible using the 'C' locale.
Fri, 27 Jun 2014 07:04:28 ERROR Unsupported locale in settings.LFS_LOCALE: 'en_US.UTF-8'.
Fri, 27 Jun 2014 07:04:28 ERROR currency filter: Currency formatting is not possible using the 'C' locale.
Fri, 27 Jun 2014 07:04:28 ERROR Unsupported locale in settings.LFS_LOCALE: 'en_US.UTF-8'.
Fri, 27 Jun 2014 07:04:28 ERROR currency filter: Currency formatting is not possible using the 'C' locale.
Fri, 27 Jun 2014 07:04:28 ERROR Unsupported locale in settings.LFS_LOCALE: 'en_US.UTF-8'.
Fri, 27 Jun 2014 07:04:28 ERROR currency filter: Currency formatting is not possible using the 'C' locale.
Fri, 27 Jun 2014 07:04:28 ERROR Unsupported locale in settings.LFS_LOCALE: 'en_US.UTF-8'.
Fri, 27 Jun 2014 07:04:28 ERROR currency filter: Currency formatting is not possible using the 'C' locale.
Fri, 27 Jun 2014 07:04:28 ERROR Unsupported locale in settings.LFS_LOCALE: 'en_US.UTF-8'.
Fri, 27 Jun 2014 07:04:28 ERROR currency filter: Currency formatting is not possible using the 'C' locale.
Fri, 27 Jun 2014 07:04:28 ERROR Unsupported locale in settings.LFS_LOCALE: 'en_US.UTF-8'.
Fri, 27 Jun 2014 07:04:28 ERROR currency filter: Currency formatting is not possible using the 'C' locale.
Fri, 27 Jun 2014 07:04:28 ERROR Unsupported locale in settings.LFS_LOCALE: 'en_US.UTF-8'.
Fri, 27 Jun 2014 07:04:28 ERROR currency filter: Currency formatting is not possible using the 'C' locale.
Fri, 27 Jun 2014 07:04:28 ERROR Unsupported locale in settings.LFS_LOCALE: 'en_US.UTF-8'.
Fri, 27 Jun 2014 07:04:28 ERROR currency filter: Currency formatting is not possible using the 'C' locale.
Fri, 27 Jun 2014 07:04:28 ERROR Unsupported locale in settings.LFS_LOCALE: 'en_US.UTF-8'.
Fri, 27 Jun 2014 07:04:28 ERROR currency filter: Currency formatting is not possible using the 'C' locale.
Fri, 27 Jun 2014 07:04:28 ERROR Unsupported locale in settings.LFS_LOCALE: 'en_US.UTF-8'.
Fri, 27 Jun 2014 07:04:28 ERROR currency filter: Currency formatting is not possible using the 'C' locale.
Fri, 27 Jun 2014 07:04:28 ERROR Unsupported locale in settings.LFS_LOCALE: 'en_US.UTF-8'.
Fri, 27 Jun 2014 07:04:28 ERROR currency filter: Currency formatting is not possible using the 'C' locale.
Fri, 27 Jun 2014 07:04:28 ERROR Unsupported locale in settings.LFS_LOCALE: 'en_US.UTF-8'.
Fri, 27 Jun 2014 07:04:28 ERROR currency filter: Currency formatting is not possible using the 'C' locale.
Fri, 27 Jun 2014 07:04:28 ERROR Unsupported locale in settings.LFS_LOCALE: 'en_US.UTF-8'.
Fri, 27 Jun 2014 07:04:28 ERROR currency filter: Currency formatting is not possible using the 'C' locale.
Fri, 27 Jun 2014 07:04:28 ERROR Unsupported locale in settings.LFS_LOCALE: 'en_US.UTF-8'.
Fri, 27 Jun 2014 07:04:28 ERROR currency filter: Currency formatting is not possible using the 'C' locale.
Fri, 27 Jun 2014 07:04:28 ERROR Unsupported locale in settings.LFS_LOCALE: 'en_US.UTF-8'.
Fri, 27 Jun 2014 07:04:28 ERROR currency filter: Currency formatting is not possible using the 'C' locale.
Fri, 27 Jun 2014 07:04:28 ERROR Unsupported locale in settings.LFS_LOCALE: 'en_US.UTF-8'.
Fri, 27 Jun 2014 07:04:28 ERROR currency filter: Currency formatting is not possible using the 'C' locale.
Fri, 27 Jun 2014 07:04:28 ERROR Unsupported locale in settings.LFS_LOCALE: 'en_US.UTF-8'.
Fri, 27 Jun 2014 07:04:28 ERROR currency filter: Currency formatting is not possible using the 'C' locale.
Fri, 27 Jun 2014 07:04:28 ERROR Unsupported locale in settings.LFS_LOCALE: 'en_US.UTF-8'.
Fri, 27 Jun 2014 07:04:28 ERROR currency filter: Currency formatting is not possible using the 'C' locale.
Fri, 27 Jun 2014 07:04:28 ERROR Unsupported locale in settings.LFS_LOCALE: 'en_US.UTF-8'.
Fri, 27 Jun 2014 07:04:28 ERROR currency filter: Currency formatting is not possible using the 'C' locale.
Fri, 27 Jun 2014 07:04:28 ERROR Unsupported locale in settings.LFS_LOCALE: 'en_US.UTF-8'.
Fri, 27 Jun 2014 07:04:28 ERROR currency filter: Currency formatting is not possible using the 'C' locale.
Fri, 27 Jun 2014 07:04:28 ERROR Unsupported locale in settings.LFS_LOCALE: 'en_US.UTF-8'.
Fri, 27 Jun 2014 07:04:28 ERROR currency filter: Currency formatting is not possible using the 'C' locale.
Fri, 27 Jun 2014 07:04:28 ERROR Unsupported locale in settings.LFS_LOCALE: 'en_US.UTF-8'.
Fri, 27 Jun 2014 07:04:28 ERROR currency filter: Currency formatting is not possible using the 'C' locale.
Fri, 27 Jun 2014 07:04:28 ERROR Unsupported locale in settings.LFS_LOCALE: 'en_US.UTF-8'.
Fri, 27 Jun 2014 07:04:28 ERROR currency filter: Currency formatting is not possible using the 'C' locale.
Fri, 27 Jun 2014 07:04:28 ERROR Unsupported locale in settings.LFS_LOCALE: 'en_US.UTF-8'.
Fri, 27 Jun 2014 07:04:28 ERROR currency filter: Currency formatting is not possible using the 'C' locale.
Fri, 27 Jun 2014 07:04:28 ERROR Unsupported locale in settings.LFS_LOCALE: 'en_US.UTF-8'.
Fri, 27 Jun 2014 07:04:28 ERROR currency filter: Currency formatting is not possible using the 'C' locale.
Fri, 27 Jun 2014 07:04:28 ERROR Unsupported locale in settings.LFS_LOCALE: 'en_US.UTF-8'.
Fri, 27 Jun 2014 07:04:28 ERROR currency filter: Currency formatting is not possible using the 'C' locale.
Fri, 27 Jun 2014 07:04:28 ERROR Unsupported locale in settings.LFS_LOCALE: 'en_US.UTF-8'.
Fri, 27 Jun 2014 07:04:28 ERROR currency filter: Currency formatting is not possible using the 'C' locale.
Fri, 27 Jun 2014 07:04:28 ERROR Unsupported locale in settings.LFS_LOCALE: 'en_US.UTF-8'.
Fri, 27 Jun 2014 07:04:28 ERROR currency filter: Currency formatting is not possible using the 'C' locale.
Fri, 27 Jun 2014 07:04:28 ERROR Unsupported locale in settings.LFS_LOCALE: 'en_US.UTF-8'.
Fri, 27 Jun 2014 07:04:28 ERROR currency filter: Currency formatting is not possible using the 'C' locale.
Fri, 27 Jun 2014 07:04:28 ERROR Unsupported locale in settings.LFS_LOCALE: 'en_US.UTF-8'.
Fri, 27 Jun 2014 07:04:28 ERROR currency filter: Currency formatting is not possible using the 'C' locale.
Fri, 27 Jun 2014 07:04:29 ERROR Unsupported locale in settings.LFS_LOCALE: 'en_US.UTF-8'.
Fri, 27 Jun 2014 07:04:29 ERROR currency filter: Currency formatting is not possible using the 'C' locale.
Fri, 27 Jun 2014 07:04:29 ERROR Unsupported locale in settings.LFS_LOCALE: 'en_US.UTF-8'.
Fri, 27 Jun 2014 07:04:29 ERROR currency filter: Currency formatting is not possible using the 'C' locale.
Fri, 27 Jun 2014 07:04:29 ERROR Unsupported locale in settings.LFS_LOCALE: 'en_US.UTF-8'.
Fri, 27 Jun 2014 07:04:29 ERROR currency filter: Currency formatting is not possible using the 'C' locale.
Fri, 27 Jun 2014 07:04:29 ERROR Unsupported locale in settings.LFS_LOCALE: 'en_US.UTF-8'.
Fri, 27 Jun 2014 07:04:29 ERROR currency filter: Currency formatting is not possible using the 'C' locale.
Fri, 27 Jun 2014 07:04:29 ERROR Unsupported locale in settings.LFS_LOCALE: 'en_US.UTF-8'.
Fri, 27 Jun 2014 07:04:29 ERROR currency filter: Currency formatting is not possible using the 'C' locale.
Fri, 27 Jun 2014 07:04:29 ERROR Unsupported locale in settings.LFS_LOCALE: 'en_US.UTF-8'.
Fri, 27 Jun 2014 07:04:29 ERROR currency filter: Currency formatting is not possible using the 'C' locale.
Fri, 27 Jun 2014 07:04:29 ERROR Unsupported locale in settings.LFS_LOCALE: 'en_US.UTF-8'.
Fri, 27 Jun 2014 07:04:29 ERROR currency filter: Currency formatting is not possible using the 'C' locale.
Fri, 27 Jun 2014 07:04:29 ERROR Unsupported locale in settings.LFS_LOCALE: 'en_US.UTF-8'.
Fri, 27 Jun 2014 07:04:29 ERROR currency filter: Currency formatting is not possible using the 'C' locale.
Fri, 27 Jun 2014 07:04:29 ERROR Unsupported locale in settings.LFS_LOCALE: 'en_US.UTF-8'.
Fri, 27 Jun 2014 07:04:29 ERROR currency filter: Currency formatting is not possible using the 'C' locale.
Fri, 27 Jun 2014 07:04:29 ERROR Unsupported locale in settings.LFS_LOCALE: 'en_US.UTF-8'.
Fri, 27 Jun 2014 07:04:29 ERROR currency filter: Currency formatting is not possible using the 'C' locale.
Fri, 27 Jun 2014 07:04:29 ERROR Unsupported locale in settings.LFS_LOCALE: 'en_US.UTF-8'.
Fri, 27 Jun 2014 07:04:29 ERROR currency filter: Currency formatting is not possible using the 'C' locale.
Fri, 27 Jun 2014 07:04:29 ERROR Unsupported locale in settings.LFS_LOCALE: 'en_US.UTF-8'.
Fri, 27 Jun 2014 07:04:29 ERROR currency filter: Currency formatting is not possible using the 'C' locale.
Fri, 27 Jun 2014 07:04:29 ERROR Unsupported locale in settings.LFS_LOCALE: 'en_US.UTF-8'.
Fri, 27 Jun 2014 07:04:29 ERROR currency filter: Currency formatting is not possible using the 'C' locale.
Fri, 27 Jun 2014 07:04:29 ERROR Unsupported locale in settings.LFS_LOCALE: 'en_US.UTF-8'.
Fri, 27 Jun 2014 07:04:29 ERROR currency filter: Currency formatting is not possible using the 'C' locale.
Fri, 27 Jun 2014 07:04:29 ERROR Unsupported locale in settings.LFS_LOCALE: 'en_US.UTF-8'.
Fri, 27 Jun 2014 07:04:29 ERROR currency filter: Currency formatting is not possible using the 'C' locale.
Fri, 27 Jun 2014 07:04:29 ERROR Unsupported locale in settings.LFS_LOCALE: 'en_US.UTF-8'.
Fri, 27 Jun 2014 07:04:29 ERROR currency filter: Currency formatting is not possible using the 'C' locale.
Fri, 27 Jun 2014 07:04:29 ERROR Unsupported locale in settings.LFS_LOCALE: 'en_US.UTF-8'.
Fri, 27 Jun 2014 07:04:29 ERROR currency filter: Currency formatting is not possible using the 'C' locale.
Fri, 27 Jun 2014 07:04:29 ERROR Unsupported locale in settings.LFS_LOCALE: 'en_US.UTF-8'.
Fri, 27 Jun 2014 07:04:29 ERROR currency filter: Currency formatting is not possible using the 'C' locale.
Fri, 27 Jun 2014 07:04:29 ERROR Unsupported locale in settings.LFS_LOCALE: 'en_US.UTF-8'.
Fri, 27 Jun 2014 07:04:29 ERROR currency filter: Currency formatting is not possible using the 'C' locale.
Fri, 27 Jun 2014 07:04:29 ERROR Unsupported locale in settings.LFS_LOCALE: 'en_US.UTF-8'.
Fri, 27 Jun 2014 07:04:29 ERROR currency filter: Currency formatting is not possible using the 'C' locale.
Fri, 27 Jun 2014 07:04:29 ERROR Unsupported locale in settings.LFS_LOCALE: 'en_US.UTF-8'.
Fri, 27 Jun 2014 07:04:29 ERROR currency filter: Currency formatting is not possible using the 'C' locale.
Fri, 27 Jun 2014 07:04:29 ERROR Unsupported locale in settings.LFS_LOCALE: 'en_US.UTF-8'.
Fri, 27 Jun 2014 07:04:29 ERROR currency filter: Currency formatting is not possible using the 'C' locale.
Fri, 27 Jun 2014 07:04:29 ERROR Unsupported locale in settings.LFS_LOCALE: 'en_US.UTF-8'.
Fri, 27 Jun 2014 07:04:29 ERROR currency filter: Currency formatting is not possible using the 'C' locale.
Fri, 27 Jun 2014 07:04:29 ERROR Unsupported locale in settings.LFS_LOCALE: 'en_US.UTF-8'.
Fri, 27 Jun 2014 07:04:29 ERROR currency filter: Currency formatting is not possible using the 'C' locale.
Fri, 27 Jun 2014 07:04:29 ERROR Unsupported locale in settings.LFS_LOCALE: 'en_US.UTF-8'.
Fri, 27 Jun 2014 07:04:29 ERROR currency filter: Currency formatting is not possible using the 'C' locale.
Fri, 27 Jun 2014 07:04:29 ERROR Unsupported locale in settings.LFS_LOCALE: 'en_US.UTF-8'.
Fri, 27 Jun 2014 07:04:29 ERROR currency filter: Currency formatting is not possible using the 'C' locale.
Fri, 27 Jun 2014 07:04:29 ERROR Unsupported locale in settings.LFS_LOCALE: 'en_US.UTF-8'.
Fri, 27 Jun 2014 07:04:29 ERROR currency filter: Currency formatting is not possible using the 'C' locale.
Fri, 27 Jun 2014 07:04:29 ERROR Unsupported locale in settings.LFS_LOCALE: 'en_US.UTF-8'.
Fri, 27 Jun 2014 07:04:29 ERROR currency filter: Currency formatting is not possible using the 'C' locale.
Fri, 27 Jun 2014 07:04:29 ERROR Unsupported locale in settings.LFS_LOCALE: 'en_US.UTF-8'.
Fri, 27 Jun 2014 07:04:29 ERROR currency filter: Currency formatting is not possible using the 'C' locale.
Fri, 27 Jun 2014 07:04:29 ERROR Unsupported locale in settings.LFS_LOCALE: 'en_US.UTF-8'.
Fri, 27 Jun 2014 07:04:29 ERROR currency filter: Currency formatting is not possible using the 'C' locale.
Fri, 27 Jun 2014 07:04:29 ERROR Unsupported locale in settings.LFS_LOCALE: 'en_US.UTF-8'.
Fri, 27 Jun 2014 07:04:29 ERROR currency filter: Currency formatting is not possible using the 'C' locale.
Fri, 27 Jun 2014 07:04:29 ERROR Unsupported locale in settings.LFS_LOCALE: 'en_US.UTF-8'.
Fri, 27 Jun 2014 07:04:29 ERROR currency filter: Currency formatting is not possible using the 'C' locale.
Fri, 27 Jun 2014 07:04:29 ERROR Unsupported locale in settings.LFS_LOCALE: 'en_US.UTF-8'.
Fri, 27 Jun 2014 07:04:29 ERROR currency filter: Currency formatting is not possible using the 'C' locale.
Fri, 27 Jun 2014 07:04:29 ERROR Unsupported locale in settings.LFS_LOCALE: 'en_US.UTF-8'.
Fri, 27 Jun 2014 07:04:29 ERROR currency filter: Currency formatting is not possible using the 'C' locale.
Fri, 27 Jun 2014 07:04:29 ERROR Unsupported locale in settings.LFS_LOCALE: 'en_US.UTF-8'.
Fri, 27 Jun 2014 07:04:29 ERROR currency filter: Currency formatting is not possible using the 'C' locale.
Fri, 27 Jun 2014 07:04:29 ERROR Unsupported locale in settings.LFS_LOCALE: 'en_US.UTF-8'.
Fri, 27 Jun 2014 07:04:29 ERROR currency filter: Currency formatting is not possible using the 'C' locale.
Fri, 27 Jun 2014 07:04:29 ERROR Unsupported locale in settings.LFS_LOCALE: 'en_US.UTF-8'.
Fri, 27 Jun 2014 07:04:29 ERROR currency filter: Currency formatting is not possible using the 'C' locale.
Fri, 27 Jun 2014 07:04:29 ERROR Unsupported locale in settings.LFS_LOCALE: 'en_US.UTF-8'.
Fri, 27 Jun 2014 07:04:29 ERROR currency filter: Currency formatting is not possible using the 'C' locale.
Fri, 27 Jun 2014 07:04:29 ERROR Unsupported locale in settings.LFS_LOCALE: 'en_US.UTF-8'.
Fri, 27 Jun 2014 07:04:29 ERROR currency filter: Currency formatting is not possible using the 'C' locale.
Fri, 27 Jun 2014 07:04:29 ERROR Unsupported locale in settings.LFS_LOCALE: 'en_US.UTF-8'.
Fri, 27 Jun 2014 07:04:29 ERROR currency filter: Currency formatting is not possible using the 'C' locale.
Fri, 27 Jun 2014 07:04:29 ERROR Unsupported locale in settings.LFS_LOCALE: 'en_US.UTF-8'.
Fri, 27 Jun 2014 07:04:29 ERROR currency filter: Currency formatting is not possible using the 'C' locale.
Fri, 27 Jun 2014 07:04:29 ERROR Unsupported locale in settings.LFS_LOCALE: 'en_US.UTF-8'.
Fri, 27 Jun 2014 07:04:29 ERROR currency filter: Currency formatting is not possible using the 'C' locale.
Fri, 27 Jun 2014 07:04:29 ERROR Unsupported locale in settings.LFS_LOCALE: 'en_US.UTF-8'.
Fri, 27 Jun 2014 07:04:29 ERROR currency filter: Currency formatting is not possible using the 'C' locale.
Fri, 27 Jun 2014 07:04:29 ERROR Unsupported locale in settings.LFS_LOCALE: 'en_US.UTF-8'.
Fri, 27 Jun 2014 07:04:29 ERROR currency filter: Currency formatting is not possible using the 'C' locale.
Fri, 27 Jun 2014 07:04:29 ERROR Unsupported locale in settings.LFS_LOCALE: 'en_US.UTF-8'.
Fri, 27 Jun 2014 07:04:29 ERROR currency filter: Currency formatting is not possible using the 'C' locale.
Fri, 27 Jun 2014 07:04:30 ERROR Unsupported locale in settings.LFS_LOCALE: 'en_US.UTF-8'.
Fri, 27 Jun 2014 07:04:30 ERROR currency filter: Currency formatting is not possible using the 'C' locale.
Fri, 27 Jun 2014 07:04:30 ERROR Unsupported locale in settings.LFS_LOCALE: 'en_US.UTF-8'.
Fri, 27 Jun 2014 07:04:30 ERROR currency filter: Currency formatting is not possible using the 'C' locale.
Fri, 27 Jun 2014 07:04:30 ERROR Unsupported locale in settings.LFS_LOCALE: 'en_US.UTF-8'.
Fri, 27 Jun 2014 07:04:30 ERROR currency filter: Currency formatting is not possible using the 'C' locale.
Fri, 27 Jun 2014 07:04:30 ERROR Unsupported locale in settings.LFS_LOCALE: 'en_US.UTF-8'.
Fri, 27 Jun 2014 07:04:30 ERROR currency filter: Currency formatting is not possible using the 'C' locale.
Fri, 27 Jun 2014 07:04:30 ERROR Unsupported locale in settings.LFS_LOCALE: 'en_US.UTF-8'.
Fri, 27 Jun 2014 07:04:30 ERROR currency filter: Currency formatting is not possible using the 'C' locale.
Fri, 27 Jun 2014 07:04:30 ERROR Unsupported locale in settings.LFS_LOCALE: 'en_US.UTF-8'.
Fri, 27 Jun 2014 07:04:30 ERROR currency filter: Currency formatting is not possible using the 'C' locale.
Fri, 27 Jun 2014 07:04:30 ERROR Unsupported locale in settings.LFS_LOCALE: 'en_US.UTF-8'.
Fri, 27 Jun 2014 07:04:30 ERROR currency filter: Currency formatting is not possible using the 'C' locale.
Fri, 27 Jun 2014 07:04:30 ERROR Unsupported locale in settings.LFS_LOCALE: 'en_US.UTF-8'.
Fri, 27 Jun 2014 07:04:30 ERROR currency filter: Currency formatting is not possible using the 'C' locale.
Fri, 27 Jun 2014 07:04:30 ERROR Unsupported locale in settings.LFS_LOCALE: 'en_US.UTF-8'.
Fri, 27 Jun 2014 07:04:30 ERROR currency filter: Currency formatting is not possible using the 'C' locale.
Fri, 27 Jun 2014 07:04:30 ERROR Unsupported locale in settings.LFS_LOCALE: 'en_US.UTF-8'.
Fri, 27 Jun 2014 07:04:30 ERROR currency filter: Currency formatting is not possible using the 'C' locale.
Fri, 27 Jun 2014 07:04:30 ERROR Unsupported locale in settings.LFS_LOCALE: 'en_US.UTF-8'.
Fri, 27 Jun 2014 07:04:30 ERROR currency filter: Currency formatting is not possible using the 'C' locale.
Fri, 27 Jun 2014 07:04:30 ERROR Unsupported locale in settings.LFS_LOCALE: 'en_US.UTF-8'.
Fri, 27 Jun 2014 07:04:30 ERROR currency filter: Currency formatting is not possible using the 'C' locale.
Fri, 27 Jun 2014 07:04:30 ERROR Unsupported locale in settings.LFS_LOCALE: 'en_US.UTF-8'.
Fri, 27 Jun 2014 07:04:30 ERROR currency filter: Currency formatting is not possible using the 'C' locale.
Fri, 27 Jun 2014 07:04:30 ERROR Unsupported locale in settings.LFS_LOCALE: 'en_US.UTF-8'.
Fri, 27 Jun 2014 07:04:30 ERROR currency filter: Currency formatting is not possible using the 'C' locale.
Fri, 27 Jun 2014 07:04:30 ERROR Unsupported locale in settings.LFS_LOCALE: 'en_US.UTF-8'.
Fri, 27 Jun 2014 07:04:30 ERROR currency filter: Currency formatting is not possible using the 'C' locale.
Fri, 27 Jun 2014 07:04:30 ERROR Unsupported locale in settings.LFS_LOCALE: 'en_US.UTF-8'.
Fri, 27 Jun 2014 07:04:30 ERROR currency filter: Currency formatting is not possible using the 'C' locale.
Fri, 27 Jun 2014 07:04:30 ERROR Unsupported locale in settings.LFS_LOCALE: 'en_US.UTF-8'.
Fri, 27 Jun 2014 07:04:30 ERROR currency filter: Currency formatting is not possible using the 'C' locale.
Fri, 27 Jun 2014 07:04:30 ERROR Unsupported locale in settings.LFS_LOCALE: 'en_US.UTF-8'.
Fri, 27 Jun 2014 07:04:30 ERROR currency filter: Currency formatting is not possible using the 'C' locale.
Fri, 27 Jun 2014 07:04:30 ERROR Unsupported locale in settings.LFS_LOCALE: 'en_US.UTF-8'.
Fri, 27 Jun 2014 07:04:30 ERROR currency filter: Currency formatting is not possible using the 'C' locale.
Fri, 27 Jun 2014 07:04:30 ERROR Unsupported locale in settings.LFS_LOCALE: 'en_US.UTF-8'.
Fri, 27 Jun 2014 07:04:30 ERROR currency filter: Currency formatting is not possible using the 'C' locale.
Fri, 27 Jun 2014 07:04:30 ERROR Unsupported locale in settings.LFS_LOCALE: 'en_US.UTF-8'.
Fri, 27 Jun 2014 07:04:30 ERROR currency filter: Currency formatting is not possible using the 'C' locale.
Fri, 27 Jun 2014 07:04:30 ERROR Unsupported locale in settings.LFS_LOCALE: 'en_US.UTF-8'.
Fri, 27 Jun 2014 07:04:30 ERROR currency filter: Currency formatting is not possible using the 'C' locale.
Fri, 27 Jun 2014 07:04:30 ERROR Unsupported locale in settings.LFS_LOCALE: 'en_US.UTF-8'.
Fri, 27 Jun 2014 07:04:30 ERROR currency filter: Currency formatting is not possible using the 'C' locale.
Fri, 27 Jun 2014 07:04:30 ERROR Unsupported locale in settings.LFS_LOCALE: 'en_US.UTF-8'.
Fri, 27 Jun 2014 07:04:30 ERROR currency filter: Currency formatting is not possible using the 'C' locale.
Fri, 27 Jun 2014 07:04:30 ERROR Unsupported locale in settings.LFS_LOCALE: 'en_US.UTF-8'.
Fri, 27 Jun 2014 07:04:30 ERROR currency filter: Currency formatting is not possible using the 'C' locale.
Fri, 27 Jun 2014 07:04:30 ERROR Unsupported locale in settings.LFS_LOCALE: 'en_US.UTF-8'.
Fri, 27 Jun 2014 07:04:30 ERROR currency filter: Currency formatting is not possible using the 'C' locale.
Fri, 27 Jun 2014 07:04:30 ERROR Unsupported locale in settings.LFS_LOCALE: 'en_US.UTF-8'.
Fri, 27 Jun 2014 07:04:30 ERROR currency filter: Currency formatting is not possible using the 'C' locale.
Fri, 27 Jun 2014 07:04:30 ERROR Unsupported locale in settings.LFS_LOCALE: 'en_US.UTF-8'.
Fri, 27 Jun 2014 07:04:30 ERROR currency filter: Currency formatting is not possible using the 'C' locale.
Fri, 27 Jun 2014 07:04:30 ERROR Unsupported locale in settings.LFS_LOCALE: 'en_US.UTF-8'.
Fri, 27 Jun 2014 07:04:30 ERROR currency filter: Currency formatting is not possible using the 'C' locale.
Fri, 27 Jun 2014 07:04:30 ERROR Unsupported locale in settings.LFS_LOCALE: 'en_US.UTF-8'.
Fri, 27 Jun 2014 07:04:30 ERROR currency filter: Currency formatting is not possible using the 'C' locale.
Fri, 27 Jun 2014 07:04:30 ERROR Unsupported locale in settings.LFS_LOCALE: 'en_US.UTF-8'.
Fri, 27 Jun 2014 07:04:30 ERROR currency filter: Currency formatting is not possible using the 'C' locale.
Fri, 27 Jun 2014 07:04:30 ERROR Unsupported locale in settings.LFS_LOCALE: 'en_US.UTF-8'.
Fri, 27 Jun 2014 07:04:30 ERROR currency filter: Currency formatting is not possible using the 'C' locale.
Fri, 27 Jun 2014 07:04:30 ERROR Unsupported locale in settings.LFS_LOCALE: 'en_US.UTF-8'.
Fri, 27 Jun 2014 07:04:30 ERROR currency filter: Currency formatting is not possible using the 'C' locale.
Fri, 27 Jun 2014 07:04:30 ERROR Unsupported locale in settings.LFS_LOCALE: 'en_US.UTF-8'.
Fri, 27 Jun 2014 07:04:30 ERROR currency filter: Currency formatting is not possible using the 'C' locale.
Fri, 27 Jun 2014 07:04:30 ERROR Unsupported locale in settings.LFS_LOCALE: 'en_US.UTF-8'.
Fri, 27 Jun 2014 07:04:30 ERROR currency filter: Currency formatting is not possible using the 'C' locale.
Fri, 27 Jun 2014 07:04:30 ERROR Unsupported locale in settings.LFS_LOCALE: 'en_US.UTF-8'.
Fri, 27 Jun 2014 07:04:30 ERROR currency filter: Currency formatting is not possible using the 'C' locale.
Fri, 27 Jun 2014 07:04:30 ERROR Unsupported locale in settings.LFS_LOCALE: 'en_US.UTF-8'.
Fri, 27 Jun 2014 07:04:30 ERROR currency filter: Currency formatting is not possible using the 'C' locale.
Fri, 27 Jun 2014 07:04:31 ERROR Unsupported locale in settings.LFS_LOCALE: 'en_US.UTF-8'.
Fri, 27 Jun 2014 07:04:31 ERROR currency filter: Currency formatting is not possible using the 'C' locale.
Fri, 27 Jun 2014 07:04:31 ERROR Unsupported locale in settings.LFS_LOCALE: 'en_US.UTF-8'.
Fri, 27 Jun 2014 07:04:31 ERROR currency filter: Currency formatting is not possible using the 'C' locale.
Fri, 27 Jun 2014 07:04:31 ERROR Unsupported locale in settings.LFS_LOCALE: 'en_US.UTF-8'.
Fri, 27 Jun 2014 07:04:31 ERROR currency filter: Currency formatting is not possible using the 'C' locale.
Fri, 27 Jun 2014 07:04:31 ERROR Unsupported locale in settings.LFS_LOCALE: 'en_US.UTF-8'.
Fri, 27 Jun 2014 07:04:31 ERROR currency filter: Currency formatting is not possible using the 'C' locale.
Fri, 27 Jun 2014 07:04:31 ERROR Unsupported locale in settings.LFS_LOCALE: 'en_US.UTF-8'.
Fri, 27 Jun 2014 07:04:31 ERROR currency filter: Currency formatting is not possible using the 'C' locale.
Fri, 27 Jun 2014 07:04:31 ERROR Unsupported locale in settings.LFS_LOCALE: 'en_US.UTF-8'.
Fri, 27 Jun 2014 07:04:31 ERROR currency filter: Currency formatting is not possible using the 'C' locale.
Fri, 27 Jun 2014 07:04:31 ERROR Unsupported locale in settings.LFS_LOCALE: 'en_US.UTF-8'.
Fri, 27 Jun 2014 07:04:31 ERROR currency filter: Currency formatting is not possible using the 'C' locale.
Fri, 27 Jun 2014 07:04:31 ERROR Unsupported locale in settings.LFS_LOCALE: 'en_US.UTF-8'.
Fri, 27 Jun 2014 07:04:31 ERROR currency filter: Currency formatting is not possible using the 'C' locale.
Fri, 27 Jun 2014 07:04:31 ERROR Unsupported locale in settings.LFS_LOCALE: 'en_US.UTF-8'.
Fri, 27 Jun 2014 07:04:31 ERROR currency filter: Currency formatting is not possible using the 'C' locale.
Fri, 27 Jun 2014 07:04:31 ERROR Unsupported locale in settings.LFS_LOCALE: 'en_US.UTF-8'.
Fri, 27 Jun 2014 07:04:31 ERROR currency filter: Currency formatting is not possible using the 'C' locale.
Fri, 27 Jun 2014 07:04:31 ERROR Unsupported locale in settings.LFS_LOCALE: 'en_US.UTF-8'.
Fri, 27 Jun 2014 07:04:31 ERROR currency filter: Currency formatting is not possible using the 'C' locale.
Fri, 27 Jun 2014 07:04:31 ERROR Unsupported locale in settings.LFS_LOCALE: 'en_US.UTF-8'.
Fri, 27 Jun 2014 07:04:31 ERROR currency filter: Currency formatting is not possible using the 'C' locale.
Fri, 27 Jun 2014 07:04:31 ERROR Unsupported locale in settings.LFS_LOCALE: 'en_US.UTF-8'.
Fri, 27 Jun 2014 07:04:31 ERROR currency filter: Currency formatting is not possible using the 'C' locale.
Fri, 27 Jun 2014 07:04:31 ERROR Unsupported locale in settings.LFS_LOCALE: 'en_US.UTF-8'.
Fri, 27 Jun 2014 07:04:31 ERROR currency filter: Currency formatting is not possible using the 'C' locale.
Fri, 27 Jun 2014 07:04:31 ERROR Unsupported locale in settings.LFS_LOCALE: 'en_US.UTF-8'.
Fri, 27 Jun 2014 07:04:31 ERROR currency filter: Currency formatting is not possible using the 'C' locale.
Fri, 27 Jun 2014 07:04:31 ERROR Unsupported locale in settings.LFS_LOCALE: 'en_US.UTF-8'.
Fri, 27 Jun 2014 07:04:31 ERROR currency filter: Currency formatting is not possible using the 'C' locale.
Fri, 27 Jun 2014 07:04:31 ERROR Unsupported locale in settings.LFS_LOCALE: 'en_US.UTF-8'.
Fri, 27 Jun 2014 07:04:31 ERROR currency filter: Currency formatting is not possible using the 'C' locale.
Fri, 27 Jun 2014 07:04:31 ERROR Unsupported locale in settings.LFS_LOCALE: 'en_US.UTF-8'.
Fri, 27 Jun 2014 07:04:31 ERROR currency filter: Currency formatting is not possible using the 'C' locale.
Fri, 27 Jun 2014 07:04:31 ERROR Unsupported locale in settings.LFS_LOCALE: 'en_US.UTF-8'.
Fri, 27 Jun 2014 07:04:31 ERROR currency filter: Currency formatting is not possible using the 'C' locale.
Fri, 27 Jun 2014 07:04:31 ERROR Unsupported locale in settings.LFS_LOCALE: 'en_US.UTF-8'.
Fri, 27 Jun 2014 07:04:31 ERROR currency filter: Currency formatting is not possible using the 'C' locale.
Fri, 27 Jun 2014 07:04:31 ERROR Unsupported locale in settings.LFS_LOCALE: 'en_US.UTF-8'.
Fri, 27 Jun 2014 07:04:31 ERROR currency filter: Currency formatting is not possible using the 'C' locale.
Fri, 27 Jun 2014 07:04:31 ERROR Unsupported locale in settings.LFS_LOCALE: 'en_US.UTF-8'.
Fri, 27 Jun 2014 07:04:31 ERROR currency filter: Currency formatting is not possible using the 'C' locale.
Fri, 27 Jun 2014 07:04:31 ERROR Unsupported locale in settings.LFS_LOCALE: 'en_US.UTF-8'.
Fri, 27 Jun 2014 07:04:31 ERROR currency filter: Currency formatting is not possible using the 'C' locale.
Fri, 27 Jun 2014 07:04:31 ERROR Unsupported locale in settings.LFS_LOCALE: 'en_US.UTF-8'.
Fri, 27 Jun 2014 07:04:31 ERROR currency filter: Currency formatting is not possible using the 'C' locale.
Fri, 27 Jun 2014 07:04:31 ERROR Unsupported locale in settings.LFS_LOCALE: 'en_US.UTF-8'.
Fri, 27 Jun 2014 07:04:31 ERROR currency filter: Currency formatting is not possible using the 'C' locale.
Fri, 27 Jun 2014 07:04:31 ERROR Unsupported locale in settings.LFS_LOCALE: 'en_US.UTF-8'.
Fri, 27 Jun 2014 07:04:31 ERROR currency filter: Currency formatting is not possible using the 'C' locale.
Fri, 27 Jun 2014 07:04:31 ERROR Unsupported locale in settings.LFS_LOCALE: 'en_US.UTF-8'.
Fri, 27 Jun 2014 07:04:31 ERROR currency filter: Currency formatting is not possible using the 'C' locale.
Fri, 27 Jun 2014 07:04:31 ERROR Unsupported locale in settings.LFS_LOCALE: 'en_US.UTF-8'.
Fri, 27 Jun 2014 07:04:31 ERROR currency filter: Currency formatting is not possible using the 'C' locale.
Fri, 27 Jun 2014 07:04:31 ERROR Unsupported locale in settings.LFS_LOCALE: 'en_US.UTF-8'.
Fri, 27 Jun 2014 07:04:31 ERROR currency filter: Currency formatting is not possible using the 'C' locale.
Fri, 27 Jun 2014 07:04:31 ERROR Unsupported locale in settings.LFS_LOCALE: 'en_US.UTF-8'.
Fri, 27 Jun 2014 07:04:31 ERROR currency filter: Currency formatting is not possible using the 'C' locale.
Fri, 27 Jun 2014 07:04:31 ERROR Unsupported locale in settings.LFS_LOCALE: 'en_US.UTF-8'.
Fri, 27 Jun 2014 07:04:31 ERROR currency filter: Currency formatting is not possible using the 'C' locale.
Fri, 27 Jun 2014 07:04:31 ERROR Unsupported locale in settings.LFS_LOCALE: 'en_US.UTF-8'.
Fri, 27 Jun 2014 07:04:31 ERROR currency filter: Currency formatting is not possible using the 'C' locale.
Fri, 27 Jun 2014 07:04:31 ERROR Unsupported locale in settings.LFS_LOCALE: 'en_US.UTF-8'.
Fri, 27 Jun 2014 07:04:31 ERROR currency filter: Currency formatting is not possible using the 'C' locale.
Fri, 27 Jun 2014 07:04:31 ERROR Unsupported locale in settings.LFS_LOCALE: 'en_US.UTF-8'.
Fri, 27 Jun 2014 07:04:31 ERROR currency filter: Currency formatting is not possible using the 'C' locale.
Fri, 27 Jun 2014 07:04:31 ERROR Unsupported locale in settings.LFS_LOCALE: 'en_US.UTF-8'.
Fri, 27 Jun 2014 07:04:31 ERROR currency filter: Currency formatting is not possible using the 'C' locale.
Fri, 27 Jun 2014 07:04:31 ERROR Unsupported locale in settings.LFS_LOCALE: 'en_US.UTF-8'.
Fri, 27 Jun 2014 07:04:31 ERROR currency filter: Currency formatting is not possible using the 'C' locale.
Fri, 27 Jun 2014 07:04:31 ERROR Unsupported locale in settings.LFS_LOCALE: 'en_US.UTF-8'.
Fri, 27 Jun 2014 07:04:31 ERROR currency filter: Currency formatting is not possible using the 'C' locale.
Fri, 27 Jun 2014 07:04:31 ERROR Unsupported locale in settings.LFS_LOCALE: 'en_US.UTF-8'.
Fri, 27 Jun 2014 07:04:31 ERROR currency filter: Currency formatting is not possible using the 'C' locale.
Fri, 27 Jun 2014 07:04:31 ERROR Unsupported locale in settings.LFS_LOCALE: 'en_US.UTF-8'.
Fri, 27 Jun 2014 07:04:31 ERROR currency filter: Currency formatting is not possible using the 'C' locale.
Fri, 27 Jun 2014 07:04:31 ERROR Unsupported locale in settings.LFS_LOCALE: 'en_US.UTF-8'.
Fri, 27 Jun 2014 07:04:31 ERROR currency filter: Currency formatting is not possible using the 'C' locale.
Fri, 27 Jun 2014 07:04:31 ERROR Unsupported locale in settings.LFS_LOCALE: 'en_US.UTF-8'.
Fri, 27 Jun 2014 07:04:31 ERROR currency filter: Currency formatting is not possible using the 'C' locale.
Fri, 27 Jun 2014 07:04:31 ERROR Unsupported locale in settings.LFS_LOCALE: 'en_US.UTF-8'.
Fri, 27 Jun 2014 07:04:31 ERROR currency filter: Currency formatting is not possible using the 'C' locale.
Fri, 27 Jun 2014 07:04:31 ERROR Unsupported locale in settings.LFS_LOCALE: 'en_US.UTF-8'.
Fri, 27 Jun 2014 07:04:31 ERROR currency filter: Currency formatting is not possible using the 'C' locale.
Fri, 27 Jun 2014 07:04:31 ERROR Unsupported locale in settings.LFS_LOCALE: 'en_US.UTF-8'.
Fri, 27 Jun 2014 07:04:31 ERROR currency filter: Currency formatting is not possible using the 'C' locale.
Fri, 27 Jun 2014 07:04:31 ERROR Unsupported locale in settings.LFS_LOCALE: 'en_US.UTF-8'.
Fri, 27 Jun 2014 07:04:31 ERROR currency filter: Currency formatting is not possible using the 'C' locale.
Fri, 27 Jun 2014 07:04:31 ERROR Unsupported locale in settings.LFS_LOCALE: 'en_US.UTF-8'.
Fri, 27 Jun 2014 07:04:31 ERROR currency filter: Currency formatting is not possible using the 'C' locale.
Fri, 27 Jun 2014 07:04:31 ERROR Unsupported locale in settings.LFS_LOCALE: 'en_US.UTF-8'.
Fri, 27 Jun 2014 07:04:31 ERROR currency filter: Currency formatting is not possible using the 'C' locale.
Fri, 27 Jun 2014 07:04:31 ERROR Unsupported locale in settings.LFS_LOCALE: 'en_US.UTF-8'.
Fri, 27 Jun 2014 07:04:31 ERROR currency filter: Currency formatting is not possible using the 'C' locale.
Fri, 27 Jun 2014 07:04:31 ERROR Unsupported locale in settings.LFS_LOCALE: 'en_US.UTF-8'.
Fri, 27 Jun 2014 07:04:31 ERROR currency filter: Currency formatting is not possible using the 'C' locale.
Fri, 27 Jun 2014 07:04:31 ERROR Unsupported locale in settings.LFS_LOCALE: 'en_US.UTF-8'.
Fri, 27 Jun 2014 07:04:31 ERROR currency filter: Currency formatting is not possible using the 'C' locale.
Fri, 27 Jun 2014 07:04:31 ERROR Unsupported locale in settings.LFS_LOCALE: 'en_US.UTF-8'.
Fri, 27 Jun 2014 07:04:31 ERROR currency filter: Currency formatting is not possible using the 'C' locale.
Fri, 27 Jun 2014 07:04:31 ERROR Unsupported locale in settings.LFS_LOCALE: 'en_US.UTF-8'.
Fri, 27 Jun 2014 07:04:31 ERROR currency filter: Currency formatting is not possible using the 'C' locale.
Fri, 27 Jun 2014 07:04:31 ERROR Unsupported locale in settings.LFS_LOCALE: 'en_US.UTF-8'.
Fri, 27 Jun 2014 07:04:31 ERROR currency filter: Currency formatting is not possible using the 'C' locale.
Fri, 27 Jun 2014 07:04:31 ERROR Unsupported locale in settings.LFS_LOCALE: 'en_US.UTF-8'.
Fri, 27 Jun 2014 07:04:31 ERROR currency filter: Currency formatting is not possible using the 'C' locale.
Fri, 27 Jun 2014 07:04:31 ERROR Unsupported locale in settings.LFS_LOCALE: 'en_US.UTF-8'.
Fri, 27 Jun 2014 07:04:31 ERROR currency filter: Currency formatting is not possible using the 'C' locale.
Fri, 27 Jun 2014 07:04:31 ERROR Unsupported locale in settings.LFS_LOCALE: 'en_US.UTF-8'.
Fri, 27 Jun 2014 07:04:31 ERROR currency filter: Currency formatting is not possible using the 'C' locale.
Fri, 27 Jun 2014 07:04:31 ERROR Unsupported locale in settings.LFS_LOCALE: 'en_US.UTF-8'.
Fri, 27 Jun 2014 07:04:31 ERROR currency filter: Currency formatting is not possible using the 'C' locale.
Fri, 27 Jun 2014 07:04:31 ERROR Unsupported locale in settings.LFS_LOCALE: 'en_US.UTF-8'.
Fri, 27 Jun 2014 07:04:31 ERROR currency filter: Currency formatting is not possible using the 'C' locale.
Fri, 27 Jun 2014 07:04:32 ERROR Unsupported locale in settings.LFS_LOCALE: 'en_US.UTF-8'.
Fri, 27 Jun 2014 07:04:32 ERROR currency filter: Currency formatting is not possible using the 'C' locale.
Fri, 27 Jun 2014 07:04:32 ERROR Unsupported locale in settings.LFS_LOCALE: 'en_US.UTF-8'.
Fri, 27 Jun 2014 07:04:32 ERROR currency filter: Currency formatting is not possible using the 'C' locale.
Fri, 27 Jun 2014 07:04:32 ERROR Unsupported locale in settings.LFS_LOCALE: 'en_US.UTF-8'.
Fri, 27 Jun 2014 07:04:32 ERROR currency filter: Currency formatting is not possible using the 'C' locale.
Fri, 27 Jun 2014 07:04:32 ERROR Unsupported locale in settings.LFS_LOCALE: 'en_US.UTF-8'.
Fri, 27 Jun 2014 07:04:32 ERROR currency filter: Currency formatting is not possible using the 'C' locale.
Fri, 27 Jun 2014 07:04:32 ERROR Unsupported locale in settings.LFS_LOCALE: 'en_US.UTF-8'.
Fri, 27 Jun 2014 07:04:32 ERROR currency filter: Currency formatting is not possible using the 'C' locale.
Fri, 27 Jun 2014 07:04:32 ERROR Unsupported locale in settings.LFS_LOCALE: 'en_US.UTF-8'.
Fri, 27 Jun 2014 07:04:32 ERROR currency filter: Currency formatting is not possible using the 'C' locale.
Fri, 27 Jun 2014 07:04:32 ERROR Unsupported locale in settings.LFS_LOCALE: 'en_US.UTF-8'.
Fri, 27 Jun 2014 07:04:32 ERROR currency filter: Currency formatting is not possible using the 'C' locale.
Fri, 27 Jun 2014 07:04:32 ERROR Unsupported locale in settings.LFS_LOCALE: 'en_US.UTF-8'.
Fri, 27 Jun 2014 07:04:32 ERROR currency filter: Currency formatting is not possible using the 'C' locale.
Fri, 27 Jun 2014 07:04:32 ERROR Unsupported locale in settings.LFS_LOCALE: 'en_US.UTF-8'.
Fri, 27 Jun 2014 07:04:32 ERROR currency filter: Currency formatting is not possible using the 'C' locale.
Fri, 27 Jun 2014 07:04:32 ERROR Unsupported locale in settings.LFS_LOCALE: 'en_US.UTF-8'.
Fri, 27 Jun 2014 07:04:32 ERROR currency filter: Currency formatting is not possible using the 'C' locale.
Fri, 27 Jun 2014 07:04:32 ERROR Unsupported locale in settings.LFS_LOCALE: 'en_US.UTF-8'.
Fri, 27 Jun 2014 07:04:32 ERROR currency filter: Currency formatting is not possible using the 'C' locale.
Fri, 27 Jun 2014 07:04:32 ERROR Unsupported locale in settings.LFS_LOCALE: 'en_US.UTF-8'.
Fri, 27 Jun 2014 07:04:32 ERROR currency filter: Currency formatting is not possible using the 'C' locale.
Fri, 27 Jun 2014 07:04:32 ERROR Unsupported locale in settings.LFS_LOCALE: 'en_US.UTF-8'.
Fri, 27 Jun 2014 07:04:32 ERROR currency filter: Currency formatting is not possible using the 'C' locale.
Fri, 27 Jun 2014 07:04:32 ERROR Unsupported locale in settings.LFS_LOCALE: 'en_US.UTF-8'.
Fri, 27 Jun 2014 07:04:32 ERROR currency filter: Currency formatting is not possible using the 'C' locale.
Fri, 27 Jun 2014 07:04:32 ERROR Unsupported locale in settings.LFS_LOCALE: 'en_US.UTF-8'.
Fri, 27 Jun 2014 07:04:32 ERROR currency filter: Currency formatting is not possible using the 'C' locale.
Fri, 27 Jun 2014 07:04:32 ERROR Unsupported locale in settings.LFS_LOCALE: 'en_US.UTF-8'.
Fri, 27 Jun 2014 07:04:32 ERROR currency filter: Currency formatting is not possible using the 'C' locale.
Fri, 27 Jun 2014 07:04:32 ERROR Unsupported locale in settings.LFS_LOCALE: 'en_US.UTF-8'.
Fri, 27 Jun 2014 07:04:32 ERROR currency filter: Currency formatting is not possible using the 'C' locale.
Fri, 27 Jun 2014 07:04:32 ERROR Unsupported locale in settings.LFS_LOCALE: 'en_US.UTF-8'.
Fri, 27 Jun 2014 07:04:32 ERROR currency filter: Currency formatting is not possible using the 'C' locale.
Fri, 27 Jun 2014 07:04:32 ERROR Unsupported locale in settings.LFS_LOCALE: 'en_US.UTF-8'.
Fri, 27 Jun 2014 07:04:32 ERROR currency filter: Currency formatting is not possible using the 'C' locale.
Fri, 27 Jun 2014 07:04:32 ERROR Unsupported locale in settings.LFS_LOCALE: 'en_US.UTF-8'.
Fri, 27 Jun 2014 07:04:32 ERROR currency filter: Currency formatting is not possible using the 'C' locale.
Fri, 27 Jun 2014 07:04:39 ERROR Unsupported locale in settings.LFS_LOCALE: 'en_US.UTF-8'.
Fri, 27 Jun 2014 07:04:39 ERROR currency filter: Currency formatting is not possible using the 'C' locale.
Fri, 27 Jun 2014 07:04:39 ERROR Unsupported locale in settings.LFS_LOCALE: 'en_US.UTF-8'.
Fri, 27 Jun 2014 07:04:39 ERROR currency filter: Currency formatting is not possible using the 'C' locale.
Fri, 27 Jun 2014 07:04:39 ERROR Unsupported locale in settings.LFS_LOCALE: 'en_US.UTF-8'.
Fri, 27 Jun 2014 07:04:39 ERROR currency filter: Currency formatting is not possible using the 'C' locale.
Fri, 27 Jun 2014 07:04:39 ERROR Unsupported locale in settings.LFS_LOCALE: 'en_US.UTF-8'.
Fri, 27 Jun 2014 07:04:39 ERROR currency filter: Currency formatting is not possible using the 'C' locale.
Fri, 27 Jun 2014 07:04:39 ERROR Unsupported locale in settings.LFS_LOCALE: 'en_US.UTF-8'.
Fri, 27 Jun 2014 07:04:39 ERROR currency filter: Currency formatting is not possible using the 'C' locale.
Fri, 27 Jun 2014 07:04:39 ERROR Unsupported locale in settings.LFS_LOCALE: 'en_US.UTF-8'.
Fri, 27 Jun 2014 07:04:39 ERROR currency filter: Currency formatting is not possible using the 'C' locale.
Fri, 27 Jun 2014 07:04:39 ERROR Unsupported locale in settings.LFS_LOCALE: 'en_US.UTF-8'.
Fri, 27 Jun 2014 07:04:39 ERROR currency filter: Currency formatting is not possible using the 'C' locale.
Fri, 27 Jun 2014 07:04:39 ERROR Unsupported locale in settings.LFS_LOCALE: 'en_US.UTF-8'.
Fri, 27 Jun 2014 07:04:39 ERROR currency filter: Currency formatting is not possible using the 'C' locale.
Fri, 27 Jun 2014 07:04:39 ERROR Unsupported locale in settings.LFS_LOCALE: 'en_US.UTF-8'.
Fri, 27 Jun 2014 07:04:39 ERROR currency filter: Currency formatting is not possible using the 'C' locale.
Fri, 27 Jun 2014 07:04:39 ERROR Unsupported locale in settings.LFS_LOCALE: 'en_US.UTF-8'.
Fri, 27 Jun 2014 07:04:39 ERROR currency filter: Currency formatting is not possible using the 'C' locale.
Fri, 27 Jun 2014 07:04:39 ERROR Unsupported locale in settings.LFS_LOCALE: 'en_US.UTF-8'.
Fri, 27 Jun 2014 07:04:39 ERROR currency filter: Currency formatting is not possible using the 'C' locale.
Fri, 27 Jun 2014 07:04:39 ERROR Unsupported locale in settings.LFS_LOCALE: 'en_US.UTF-8'.
Fri, 27 Jun 2014 07:04:39 ERROR currency filter: Currency formatting is not possible using the 'C' locale.
Fri, 27 Jun 2014 07:04:39 ERROR Unsupported locale in settings.LFS_LOCALE: 'en_US.UTF-8'.
Fri, 27 Jun 2014 07:04:39 ERROR currency filter: Currency formatting is not possible using the 'C' locale.
Fri, 27 Jun 2014 07:04:39 ERROR Unsupported locale in settings.LFS_LOCALE: 'en_US.UTF-8'.
Fri, 27 Jun 2014 07:04:39 ERROR currency filter: Currency formatting is not possible using the 'C' locale.
Fri, 27 Jun 2014 07:04:39 ERROR Unsupported locale in settings.LFS_LOCALE: 'en_US.UTF-8'.
Fri, 27 Jun 2014 07:04:39 ERROR currency filter: Currency formatting is not possible using the 'C' locale.
Fri, 27 Jun 2014 07:04:39 ERROR Unsupported locale in settings.LFS_LOCALE: 'en_US.UTF-8'.
Fri, 27 Jun 2014 07:04:39 ERROR currency filter: Currency formatting is not possible using the 'C' locale.
Fri, 27 Jun 2014 07:04:39 ERROR Unsupported locale in settings.LFS_LOCALE: 'en_US.UTF-8'.
Fri, 27 Jun 2014 07:04:39 ERROR currency filter: Currency formatting is not possible using the 'C' locale.
Fri, 27 Jun 2014 07:04:39 ERROR Unsupported locale in settings.LFS_LOCALE: 'en_US.UTF-8'.
Fri, 27 Jun 2014 07:04:39 ERROR currency filter: Currency formatting is not possible using the 'C' locale.
Fri, 27 Jun 2014 07:04:39 ERROR Unsupported locale in settings.LFS_LOCALE: 'en_US.UTF-8'.
Fri, 27 Jun 2014 07:04:39 ERROR currency filter: Currency formatting is not possible using the 'C' locale.
Fri, 27 Jun 2014 07:04:39 ERROR Unsupported locale in settings.LFS_LOCALE: 'en_US.UTF-8'.
Fri, 27 Jun 2014 07:04:39 ERROR currency filter: Currency formatting is not possible using the 'C' locale.
Fri, 27 Jun 2014 07:04:41 INFO PayPal: unsuccessful ipn payment
Fri, 27 Jun 2014 07:04:41 INFO PayPal: payment failed
Fri, 27 Jun 2014 07:04:41 INFO PayPal: getting order for uuid 981242b5-fb0c-4563-bccb-e03033673d2a
Fri, 27 Jun 2014 07:04:41 INFO PayPal: unsuccessful ipn payment
Fri, 27 Jun 2014 07:04:41 INFO PayPal: payment flaged
Fri, 27 Jun 2014 07:04:41 INFO PayPal: getting order for uuid 981242b5-fb0c-4563-bccb-e03033673d2a
Fri, 27 Jun 2014 07:04:41 INFO PayPal: successful ipn payment
Fri, 27 Jun 2014 07:04:41 INFO PayPal: getting order for uuid 981242b5-fb0c-4563-bccb-e03033673d2a
Fri, 27 Jun 2014 07:04:41 ERROR Unsupported locale in settings.LFS_LOCALE: 'en_US.UTF-8'.
Fri, 27 Jun 2014 07:04:41 ERROR currency filter: Currency formatting is not possible using the 'C' locale.
Fri, 27 Jun 2014 07:04:41 ERROR Unsupported locale in settings.LFS_LOCALE: 'en_US.UTF-8'.
Fri, 27 Jun 2014 07:04:41 ERROR currency filter: Currency formatting is not possible using the 'C' locale.
Fri, 27 Jun 2014 07:04:41 ERROR Unsupported locale in settings.LFS_LOCALE: 'en_US.UTF-8'.
Fri, 27 Jun 2014 07:04:41 ERROR currency filter: Currency formatting is not possible using the 'C' locale.
Fri, 27 Jun 2014 07:04:41 ERROR Unsupported locale in settings.LFS_LOCALE: 'en_US.UTF-8'.
Fri, 27 Jun 2014 07:04:41 ERROR currency filter: Currency formatting is not possible using the 'C' locale.
Fri, 27 Jun 2014 07:04:41 ERROR Unsupported locale in settings.LFS_LOCALE: 'en_US.UTF-8'.
Fri, 27 Jun 2014 07:04:41 ERROR currency filter: Currency formatting is not possible using the 'C' locale.
Fri, 27 Jun 2014 07:04:41 ERROR Unsupported locale in settings.LFS_LOCALE: 'en_US.UTF-8'.
Fri, 27 Jun 2014 07:04:41 ERROR currency filter: Currency formatting is not possible using the 'C' locale.
Fri, 27 Jun 2014 07:04:41 ERROR Unsupported locale in settings.LFS_LOCALE: 'en_US.UTF-8'.
Fri, 27 Jun 2014 07:04:41 ERROR currency filter: Currency formatting is not possible using the 'C' locale.
Fri, 27 Jun 2014 07:04:41 ERROR Unsupported locale in settings.LFS_LOCALE: 'en_US.UTF-8'.
Fri, 27 Jun 2014 07:04:41 ERROR currency filter: Currency formatting is not possible using the 'C' locale.
Fri, 27 Jun 2014 07:04:41 ERROR Unsupported locale in settings.LFS_LOCALE: 'en_US.UTF-8'.
Fri, 27 Jun 2014 07:04:41 ERROR currency filter: Currency formatting is not possible using the 'C' locale.
Fri, 27 Jun 2014 07:04:41 ERROR Unsupported locale in settings.LFS_LOCALE: 'en_US.UTF-8'.
Fri, 27 Jun 2014 07:04:41 ERROR currency filter: Currency formatting is not possible using the 'C' locale.
Fri, 27 Jun 2014 07:04:41 ERROR Unsupported locale in settings.LFS_LOCALE: 'en_US.UTF-8'.
Fri, 27 Jun 2014 07:04:41 ERROR currency filter: Currency formatting is not possible using the 'C' locale.
Fri, 27 Jun 2014 07:04:41 ERROR Unsupported locale in settings.LFS_LOCALE: 'en_US.UTF-8'.
Fri, 27 Jun 2014 07:04:41 ERROR currency filter: Currency formatting is not possible using the 'C' locale.
Fri, 27 Jun 2014 07:04:46 ERROR Unsupported locale in settings.LFS_LOCALE: 'en_US.UTF-8'.
Fri, 27 Jun 2014 07:04:46 ERROR currency filter: Currency formatting is not possible using the 'C' locale.
Fri, 27 Jun 2014 07:04:46 ERROR Unsupported locale in settings.LFS_LOCALE: 'en_US.UTF-8'.
Fri, 27 Jun 2014 07:04:46 ERROR currency filter: Currency formatting is not possible using the 'C' locale.
Fri, 27 Jun 2014 07:04:46 ERROR Unsupported locale in settings.LFS_LOCALE: 'en_US.UTF-8'.
Fri, 27 Jun 2014 07:04:46 ERROR currency filter: Currency formatting is not possible using the 'C' locale.
Fri, 27 Jun 2014 07:04:46 ERROR Unsupported locale in settings.LFS_LOCALE: 'en_US.UTF-8'.
Fri, 27 Jun 2014 07:04:46 ERROR currency filter: Currency formatting is not possible using the 'C' locale.
Fri, 27 Jun 2014 07:04:46 ERROR Unsupported locale in settings.LFS_LOCALE: 'en_US.UTF-8'.
Fri, 27 Jun 2014 07:04:46 ERROR currency filter: Currency formatting is not possible using the 'C' locale.
Fri, 27 Jun 2014 07:04:46 ERROR Unsupported locale in settings.LFS_LOCALE: 'en_US.UTF-8'.
Fri, 27 Jun 2014 07:04:46 ERROR currency filter: Currency formatting is not possible using the 'C' locale.
Fri, 27 Jun 2014 07:04:46 ERROR Unsupported locale in settings.LFS_LOCALE: 'en_US.UTF-8'.
Fri, 27 Jun 2014 07:04:46 ERROR currency filter: Currency formatting is not possible using the 'C' locale.
Fri, 27 Jun 2014 07:04:46 ERROR Unsupported locale in settings.LFS_LOCALE: 'en_US.UTF-8'.
Fri, 27 Jun 2014 07:04:46 ERROR currency filter: Currency formatting is not possible using the 'C' locale.
Fri, 27 Jun 2014 07:04:46 ERROR Unsupported locale in settings.LFS_LOCALE: 'en_US.UTF-8'.
Fri, 27 Jun 2014 07:04:46 ERROR currency filter: Currency formatting is not possible using the 'C' locale.
Fri, 27 Jun 2014 07:04:47 ERROR Unsupported locale in settings.LFS_LOCALE: 'en_US.UTF-8'.
Fri, 27 Jun 2014 07:04:47 ERROR currency filter: Currency formatting is not possible using the 'C' locale.
Fri, 27 Jun 2014 07:04:47 ERROR Unsupported locale in settings.LFS_LOCALE: 'en_US.UTF-8'.
Fri, 27 Jun 2014 07:04:47 ERROR currency filter: Currency formatting is not possible using the 'C' locale.
Fri, 27 Jun 2014 07:04:47 ERROR Unsupported locale in settings.LFS_LOCALE: 'en_US.UTF-8'.
Fri, 27 Jun 2014 07:04:47 ERROR currency filter: Currency formatting is not possible using the 'C' locale.
Fri, 27 Jun 2014 07:04:47 ERROR Unsupported locale in settings.LFS_LOCALE: 'en_US.UTF-8'.
Fri, 27 Jun 2014 07:04:47 ERROR currency filter: Currency formatting is not possible using the 'C' locale.
Fri, 27 Jun 2014 07:04:47 ERROR Unsupported locale in settings.LFS_LOCALE: 'en_US.UTF-8'.
Fri, 27 Jun 2014 07:04:47 ERROR currency filter: Currency formatting is not possible using the 'C' locale.
Fri, 27 Jun 2014 07:04:47 ERROR Unsupported locale in settings.LFS_LOCALE: 'en_US.UTF-8'.
Fri, 27 Jun 2014 07:04:47 ERROR currency filter: Currency formatting is not possible using the 'C' locale.
Fri, 27 Jun 2014 07:04:47 ERROR Unsupported locale in settings.LFS_LOCALE: 'en_US.UTF-8'.
Fri, 27 Jun 2014 07:04:47 ERROR currency filter: Currency formatting is not possible using the 'C' locale.
Fri, 27 Jun 2014 07:04:47 ERROR Unsupported locale in settings.LFS_LOCALE: 'en_US.UTF-8'.
Fri, 27 Jun 2014 07:04:47 ERROR currency filter: Currency formatting is not possible using the 'C' locale.
Fri, 27 Jun 2014 07:04:47 ERROR Unsupported locale in settings.LFS_LOCALE: 'en_US.UTF-8'.
Fri, 27 Jun 2014 07:04:47 ERROR currency filter: Currency formatting is not possible using the 'C' locale.
Fri, 27 Jun 2014 07:04:47 ERROR Unsupported locale in settings.LFS_LOCALE: 'en_US.UTF-8'.
Fri, 27 Jun 2014 07:04:47 ERROR currency filter: Currency formatting is not possible using the 'C' locale.
Fri, 27 Jun 2014 07:04:47 ERROR Unsupported locale in settings.LFS_LOCALE: 'en_US.UTF-8'.
Fri, 27 Jun 2014 07:04:47 ERROR currency filter: Currency formatting is not possible using the 'C' locale.
Fri, 27 Jun 2014 07:04:47 ERROR Unsupported locale in settings.LFS_LOCALE: 'en_US.UTF-8'.
Fri, 27 Jun 2014 07:04:47 ERROR currency filter: Currency formatting is not possible using the 'C' locale.
Fri, 27 Jun 2014 07:04:47 ERROR Unsupported locale in settings.LFS_LOCALE: 'en_US.UTF-8'.
Fri, 27 Jun 2014 07:04:47 ERROR currency filter: Currency formatting is not possible using the 'C' locale.
Fri, 27 Jun 2014 07:04:47 ERROR Unsupported locale in settings.LFS_LOCALE: 'en_US.UTF-8'.
Fri, 27 Jun 2014 07:04:47 ERROR currency filter: Currency formatting is not possible using the 'C' locale.
Fri, 27 Jun 2014 07:04:47 ERROR Unsupported locale in settings.LFS_LOCALE: 'en_US.UTF-8'.
Fri, 27 Jun 2014 07:04:47 ERROR currency filter: Currency formatting is not possible using the 'C' locale.
Fri, 27 Jun 2014 07:04:47 ERROR Unsupported locale in settings.LFS_LOCALE: 'en_US.UTF-8'.
Fri, 27 Jun 2014 07:04:47 ERROR currency filter: Currency formatting is not possible using the 'C' locale.
Fri, 27 Jun 2014 07:04:47 ERROR Unsupported locale in settings.LFS_LOCALE: 'en_US.UTF-8'.
Fri, 27 Jun 2014 07:04:47 ERROR currency filter: Currency formatting is not possible using the 'C' locale.
Fri, 27 Jun 2014 07:04:47 ERROR Unsupported locale in settings.LFS_LOCALE: 'en_US.UTF-8'.
Fri, 27 Jun 2014 07:04:47 ERROR currency filter: Currency formatting is not possible using the 'C' locale.
Fri, 27 Jun 2014 07:04:47 ERROR Unsupported locale in settings.LFS_LOCALE: 'en_US.UTF-8'.
Fri, 27 Jun 2014 07:04:47 ERROR currency filter: Currency formatting is not possible using the 'C' locale.
Fri, 27 Jun 2014 07:04:47 ERROR Unsupported locale in settings.LFS_LOCALE: 'en_US.UTF-8'.
Fri, 27 Jun 2014 07:04:47 ERROR currency filter: Currency formatting is not possible using the 'C' locale.
Fri, 27 Jun 2014 07:04:47 ERROR Unsupported locale in settings.LFS_LOCALE: 'en_US.UTF-8'.
Fri, 27 Jun 2014 07:04:47 ERROR currency filter: Currency formatting is not possible using the 'C' locale.
Fri, 27 Jun 2014 07:04:47 ERROR Unsupported locale in settings.LFS_LOCALE: 'en_US.UTF-8'.
Fri, 27 Jun 2014 07:04:47 ERROR currency filter: Currency formatting is not possible using the 'C' locale.
Fri, 27 Jun 2014 07:04:47 ERROR Unsupported locale in settings.LFS_LOCALE: 'en_US.UTF-8'.
Fri, 27 Jun 2014 07:04:47 ERROR currency filter: Currency formatting is not possible using the 'C' locale.
Fri, 27 Jun 2014 07:04:47 ERROR Unsupported locale in settings.LFS_LOCALE: 'en_US.UTF-8'.
Fri, 27 Jun 2014 07:04:47 ERROR currency filter: Currency formatting is not possible using the 'C' locale.
Fri, 27 Jun 2014 07:04:47 ERROR Unsupported locale in settings.LFS_LOCALE: 'en_US.UTF-8'.
Fri, 27 Jun 2014 07:04:47 ERROR currency filter: Currency formatting is not possible using the 'C' locale.
Fri, 27 Jun 2014 07:04:47 ERROR Unsupported locale in settings.LFS_LOCALE: 'en_US.UTF-8'.
Fri, 27 Jun 2014 07:04:47 ERROR currency filter: Currency formatting is not possible using the 'C' locale.
Fri, 27 Jun 2014 07:04:47 ERROR Unsupported locale in settings.LFS_LOCALE: 'en_US.UTF-8'.
Fri, 27 Jun 2014 07:04:47 ERROR currency filter: Currency formatting is not possible using the 'C' locale.
Fri, 27 Jun 2014 07:04:47 ERROR Unsupported locale in settings.LFS_LOCALE: 'en_US.UTF-8'.
Fri, 27 Jun 2014 07:04:47 ERROR currency filter: Currency formatting is not possible using the 'C' locale.
Fri, 27 Jun 2014 07:04:47 ERROR Unsupported locale in settings.LFS_LOCALE: 'en_US.UTF-8'.
Fri, 27 Jun 2014 07:04:47 ERROR currency filter: Currency formatting is not possible using the 'C' locale.
Fri, 27 Jun 2014 07:04:47 ERROR Unsupported locale in settings.LFS_LOCALE: 'en_US.UTF-8'.
Fri, 27 Jun 2014 07:04:47 ERROR currency filter: Currency formatting is not possible using the 'C' locale.
Fri, 27 Jun 2014 07:04:47 ERROR Unsupported locale in settings.LFS_LOCALE: 'en_US.UTF-8'.
Fri, 27 Jun 2014 07:04:47 ERROR currency filter: Currency formatting is not possible using the 'C' locale.
Fri, 27 Jun 2014 07:04:47 ERROR Unsupported locale in settings.LFS_LOCALE: 'en_US.UTF-8'.
Fri, 27 Jun 2014 07:04:47 ERROR currency filter: Currency formatting is not possible using the 'C' locale.
Fri, 27 Jun 2014 07:04:47 ERROR Unsupported locale in settings.LFS_LOCALE: 'en_US.UTF-8'.
Fri, 27 Jun 2014 07:04:47 ERROR currency filter: Currency formatting is not possible using the 'C' locale.
Fri, 27 Jun 2014 07:04:47 ERROR Unsupported locale in settings.LFS_LOCALE: 'en_US.UTF-8'.
Fri, 27 Jun 2014 07:04:47 ERROR currency filter: Currency formatting is not possible using the 'C' locale.
Fri, 27 Jun 2014 07:04:47 ERROR Unsupported locale in settings.LFS_LOCALE: 'en_US.UTF-8'.
Fri, 27 Jun 2014 07:04:47 ERROR currency filter: Currency formatting is not possible using the 'C' locale.
Fri, 27 Jun 2014 07:04:47 ERROR Unsupported locale in settings.LFS_LOCALE: 'en_US.UTF-8'.
Fri, 27 Jun 2014 07:04:47 ERROR currency filter: Currency formatting is not possible using the 'C' locale.
Fri, 27 Jun 2014 07:04:47 ERROR Unsupported locale in settings.LFS_LOCALE: 'en_US.UTF-8'.
Fri, 27 Jun 2014 07:04:47 ERROR currency filter: Currency formatting is not possible using the 'C' locale.
Fri, 27 Jun 2014 07:04:47 ERROR Unsupported locale in settings.LFS_LOCALE: 'en_US.UTF-8'.
Fri, 27 Jun 2014 07:04:47 ERROR currency filter: Currency formatting is not possible using the 'C' locale.
Fri, 27 Jun 2014 07:04:47 ERROR Unsupported locale in settings.LFS_LOCALE: 'en_US.UTF-8'.
Fri, 27 Jun 2014 07:04:47 ERROR currency filter: Currency formatting is not possible using the 'C' locale.
Fri, 27 Jun 2014 07:04:47 ERROR Unsupported locale in settings.LFS_LOCALE: 'en_US.UTF-8'.
Fri, 27 Jun 2014 07:04:47 ERROR currency filter: Currency formatting is not possible using the 'C' locale.
Fri, 27 Jun 2014 07:04:47 ERROR Unsupported locale in settings.LFS_LOCALE: 'en_US.UTF-8'.
Fri, 27 Jun 2014 07:04:47 ERROR currency filter: Currency formatting is not possible using the 'C' locale.
Fri, 27 Jun 2014 07:04:47 ERROR Unsupported locale in settings.LFS_LOCALE: 'en_US.UTF-8'.
Fri, 27 Jun 2014 07:04:47 ERROR currency filter: Currency formatting is not possible using the 'C' locale.
Fri, 27 Jun 2014 07:04:47 ERROR Unsupported locale in settings.LFS_LOCALE: 'en_US.UTF-8'.
Fri, 27 Jun 2014 07:04:47 ERROR currency filter: Currency formatting is not possible using the 'C' locale.
Fri, 27 Jun 2014 07:04:47 ERROR Unsupported locale in settings.LFS_LOCALE: 'en_US.UTF-8'.
Fri, 27 Jun 2014 07:04:47 ERROR currency filter: Currency formatting is not possible using the 'C' locale.
Fri, 27 Jun 2014 07:04:47 ERROR Unsupported locale in settings.LFS_LOCALE: 'en_US.UTF-8'.
Fri, 27 Jun 2014 07:04:47 ERROR currency filter: Currency formatting is not possible using the 'C' locale.
Fri, 27 Jun 2014 07:04:47 ERROR Unsupported locale in settings.LFS_LOCALE: 'en_US.UTF-8'.
Fri, 27 Jun 2014 07:04:47 ERROR currency filter: Currency formatting is not possible using the 'C' locale.
Fri, 27 Jun 2014 07:04:47 ERROR Unsupported locale in settings.LFS_LOCALE: 'en_US.UTF-8'.
Fri, 27 Jun 2014 07:04:47 ERROR currency filter: Currency formatting is not possible using the 'C' locale.
Fri, 27 Jun 2014 07:04:47 ERROR Unsupported locale in settings.LFS_LOCALE: 'en_US.UTF-8'.
Fri, 27 Jun 2014 07:04:47 ERROR currency filter: Currency formatting is not possible using the 'C' locale.
Fri, 27 Jun 2014 07:04:47 ERROR Unsupported locale in settings.LFS_LOCALE: 'en_US.UTF-8'.
Fri, 27 Jun 2014 07:04:47 ERROR currency filter: Currency formatting is not possible using the 'C' locale.
Fri, 27 Jun 2014 07:04:47 ERROR Unsupported locale in settings.LFS_LOCALE: 'en_US.UTF-8'.
Fri, 27 Jun 2014 07:04:47 ERROR currency filter: Currency formatting is not possible using the 'C' locale.
Fri, 27 Jun 2014 07:04:47 ERROR Unsupported locale in settings.LFS_LOCALE: 'en_US.UTF-8'.
Fri, 27 Jun 2014 07:04:47 ERROR currency filter: Currency formatting is not possible using the 'C' locale.
Fri, 27 Jun 2014 07:04:47 ERROR Unsupported locale in settings.LFS_LOCALE: 'en_US.UTF-8'.
Fri, 27 Jun 2014 07:04:47 ERROR currency filter: Currency formatting is not possible using the 'C' locale.
Fri, 27 Jun 2014 07:04:47 ERROR Unsupported locale in settings.LFS_LOCALE: 'en_US.UTF-8'.
Fri, 27 Jun 2014 07:04:47 ERROR currency filter: Currency formatting is not possible using the 'C' locale.
Fri, 27 Jun 2014 07:04:47 ERROR Unsupported locale in settings.LFS_LOCALE: 'en_US.UTF-8'.
Fri, 27 Jun 2014 07:04:47 ERROR currency filter: Currency formatting is not possible using the 'C' locale.
Fri, 27 Jun 2014 07:04:47 ERROR Unsupported locale in settings.LFS_LOCALE: 'en_US.UTF-8'.
Fri, 27 Jun 2014 07:04:47 ERROR currency filter: Currency formatting is not possible using the 'C' locale.
Fri, 27 Jun 2014 07:04:47 ERROR Unsupported locale in settings.LFS_LOCALE: 'en_US.UTF-8'.
Fri, 27 Jun 2014 07:04:47 ERROR currency filter: Currency formatting is not possible using the 'C' locale.
Fri, 27 Jun 2014 07:04:47 ERROR Unsupported locale in settings.LFS_LOCALE: 'en_US.UTF-8'.
Fri, 27 Jun 2014 07:04:47 ERROR currency filter: Currency formatting is not possible using the 'C' locale.
Fri, 27 Jun 2014 07:04:47 ERROR Unsupported locale in settings.LFS_LOCALE: 'en_US.UTF-8'.
Fri, 27 Jun 2014 07:04:47 ERROR currency filter: Currency formatting is not possible using the 'C' locale.
Fri, 27 Jun 2014 07:04:47 ERROR Unsupported locale in settings.LFS_LOCALE: 'en_US.UTF-8'.
Fri, 27 Jun 2014 07:04:47 ERROR currency filter: Currency formatting is not possible using the 'C' locale.
Fri, 27 Jun 2014 07:04:47 ERROR Unsupported locale in settings.LFS_LOCALE: 'en_US.UTF-8'.
Fri, 27 Jun 2014 07:04:47 ERROR currency filter: Currency formatting is not possible using the 'C' locale.
Fri, 27 Jun 2014 07:04:47 ERROR Unsupported locale in settings.LFS_LOCALE: 'en_US.UTF-8'.
Fri, 27 Jun 2014 07:04:47 ERROR currency filter: Currency formatting is not possible using the 'C' locale.
Fri, 27 Jun 2014 07:04:47 ERROR Unsupported locale in settings.LFS_LOCALE: 'en_US.UTF-8'.
Fri, 27 Jun 2014 07:04:47 ERROR currency filter: Currency formatting is not possible using the 'C' locale.
Fri, 27 Jun 2014 07:04:47 ERROR Unsupported locale in settings.LFS_LOCALE: 'en_US.UTF-8'.
Fri, 27 Jun 2014 07:04:47 ERROR currency filter: Currency formatting is not possible using the 'C' locale.
Fri, 27 Jun 2014 07:04:47 ERROR Unsupported locale in settings.LFS_LOCALE: 'en_US.UTF-8'.
Fri, 27 Jun 2014 07:04:47 ERROR currency filter: Currency formatting is not possible using the 'C' locale.
Fri, 27 Jun 2014 07:04:47 ERROR Unsupported locale in settings.LFS_LOCALE: 'en_US.UTF-8'.
Fri, 27 Jun 2014 07:04:47 ERROR currency filter: Currency formatting is not possible using the 'C' locale.
Fri, 27 Jun 2014 07:04:48 ERROR Unsupported locale in settings.LFS_LOCALE: 'en_US.UTF-8'.
Fri, 27 Jun 2014 07:04:48 ERROR currency filter: Currency formatting is not possible using the 'C' locale.
Fri, 27 Jun 2014 07:04:48 ERROR Unsupported locale in settings.LFS_LOCALE: 'en_US.UTF-8'.
Fri, 27 Jun 2014 07:04:48 ERROR currency filter: Currency formatting is not possible using the 'C' locale.
